e:\dropbox\my thesis\do your code\sphcudathesismasterii\sphcudathesismasterii\debug\vc120.pdb
e:\dropbox\my thesis\do your code\sphcudathesismasterii\sphcudathesismasterii\debug\vc120.idb
e:\dropbox\my thesis\do your code\sphcudathesismasterii\sphcudathesismasterii\debug\csvmanager.obj
e:\dropbox\my thesis\do your code\sphcudathesismasterii\sphcudathesismasterii\debug\sphclass.obj
e:\dropbox\my thesis\do your code\sphcudathesismasteriv\sphcudathesismasterii\debug\vc120.pdb
e:\dropbox\my thesis\do your code\sphcudathesismasteriv\sphcudathesismasterii\debug\vc120.idb
e:\dropbox\my thesis\do your code\sphcudathesismasteriv\sphcudathesismasterii\debug\csvmanager.obj
e:\dropbox\my thesis\do your code\sphcudathesismasteriv\sphcudathesismasterii\debug\sphclass.obj
c:\users\hafid\documents\visual studio 2013\projects\sphcudathesismasterii\debug\sphcudathesismasterii.ilk
c:\users\hafid\documents\visual studio 2013\projects\sphcudathesismasterii\debug\sphcudathesismasterii.exe
c:\users\hafid\documents\visual studio 2013\projects\sphcudathesismasterii\debug\sphcudathesismasterii.pdb
e:\dropbox\my thesis\do your code\sphcudathesismasterii\debug\sphcudathesismasterii.ilk
e:\dropbox\my thesis\do your code\sphcudathesismasterii\debug\sphcudathesismasterii.exe
e:\dropbox\my thesis\do your code\sphcudathesismasterii\debug\sphcudathesismasterii.pdb
e:\dropbox\my thesis\do your code\sphcudathesismasteriv\debug\sphcudathesismasterii.ilk
e:\dropbox\my thesis\do your code\sphcudathesismasteriv\debug\sphcudathesismasterii.exe
e:\dropbox\my thesis\do your code\sphcudathesismasteriv\debug\sphcudathesismasterii.pdb
e:\dropbox\my thesis\do your code\sphcudathesismasterii\debug\sphcudathesismasterii.lib
e:\dropbox\my thesis\do your code\sphcudathesismasterii\debug\sphcudathesismasterii.exp
e:\dropbox\my thesis\do your code\sphcudathesismasteriv\debug\sphcudathesismasterii.lib
e:\dropbox\my thesis\do your code\sphcudathesismasteriv\debug\sphcudathesismasterii.exp
e:\dropbox\my thesis\do your code\sphcudathesismasteriv\sphcudathesismasterii\debug\custommath.cu.cache
e:\dropbox\my thesis\do your code\sphcudathesismasteriv\sphcudathesismasterii\debug\float3.cu.cache
e:\dropbox\my thesis\do your code\sphcudathesismasteriv\sphcudathesismasterii\debug\int3.cu.cache
e:\dropbox\my thesis\do your code\sphcudathesismasteriv\sphcudathesismasterii\debug\kerneloption.cu.cache
e:\dropbox\my thesis\do your code\sphcudathesismasteriv\sphcudathesismasterii\debug\scene.cpp.cache
e:\dropbox\my thesis\do your code\sphcudathesismasteriv\sphcudathesismasterii\debug\scene.cu.cache
e:\dropbox\my thesis\do your code\sphcudathesismasteriv\sphcudathesismasterii\debug\shader.cu.cache
e:\dropbox\my thesis\do your code\sphcudathesismasteriv\sphcudathesismasterii\debug\simulatormain.cu.cache
e:\dropbox\my thesis\do your code\sphcudathesismasteriv\sphcudathesismasterii\debug\simulatorsph.cpp.cache
e:\dropbox\my thesis\do your code\sphcudathesismasteriv\sphcudathesismasterii\debug\simulatorsph.cu.cache
e:\dropbox\my thesis\do your code\sphcudathesismasteriv\sphcudathesismasterii\debug\sphcompute.cpp.cache
e:\dropbox\my thesis\do your code\sphcudathesismasteriv\sphcudathesismasterii\debug\sphcompute.cu.cache
e:\dropbox\my thesis\do your code\sphcudathesismasteriv\sphcudathesismasterii\debug\sphparam.cu.cache
e:\dropbox\my thesis\do your code\sphcudathesismasteriv\sphcudathesismasterii\debug\ssfrparam.cu.cache
e:\dropbox\my thesis\do your code\sphcudathesismasteriv\sphcudathesismasterii\debug\trialclass.cu.cache
e:\dropbox\my thesis\do your code\sphcudathesismasteriv\sphcudathesismasterii\debug\wall.cpp.cache
e:\dropbox\my thesis\do your code\sphcudathesismasteriv\sphcudathesismasterii\debug\wall.cu.cache
e:\dropbox\my thesis\do your code\sphcudathesismasteriv\sphcudathesismasterii\debug\custommath.cu.obj
e:\dropbox\my thesis\do your code\sphcudathesismasteriv\sphcudathesismasterii\debug\float3.cu.obj
e:\dropbox\my thesis\do your code\sphcudathesismasteriv\sphcudathesismasterii\debug\int3.cu.obj
e:\dropbox\my thesis\do your code\sphcudathesismasteriv\sphcudathesismasterii\debug\kerneloption.cu.obj
e:\dropbox\my thesis\do your code\sphcudathesismasteriv\sphcudathesismasterii\debug\scene.cpp.obj
e:\dropbox\my thesis\do your code\sphcudathesismasteriv\sphcudathesismasterii\debug\scene.cu.obj
e:\dropbox\my thesis\do your code\sphcudathesismasteriv\sphcudathesismasterii\debug\shader.cu.obj
e:\dropbox\my thesis\do your code\sphcudathesismasteriv\sphcudathesismasterii\debug\simulatormain.cu.obj
e:\dropbox\my thesis\do your code\sphcudathesismasteriv\sphcudathesismasterii\debug\simulatorsph.cpp.obj
e:\dropbox\my thesis\do your code\sphcudathesismasteriv\sphcudathesismasterii\debug\simulatorsph.cu.obj
e:\dropbox\my thesis\do your code\sphcudathesismasteriv\sphcudathesismasterii\debug\sphcompute.cu.obj
e:\dropbox\my thesis\do your code\sphcudathesismasteriv\sphcudathesismasterii\debug\sphcudathesismasterii.device-link.obj
e:\dropbox\my thesis\do your code\sphcudathesismasteriv\sphcudathesismasterii\debug\sphparam.cu.obj
e:\dropbox\my thesis\do your code\sphcudathesismasteriv\sphcudathesismasterii\debug\ssfrparam.cu.obj
e:\dropbox\my thesis\do your code\sphcudathesismasteriv\sphcudathesismasterii\debug\trialclass.cu.obj
e:\dropbox\my thesis\do your code\sphcudathesismasteriv\sphcudathesismasterii\debug\wall.cpp.obj
e:\dropbox\my thesis\do your code\sphcudathesismasteriv\sphcudathesismasterii\debug\wall.cu.obj
e:\dropbox\my thesis\do your code\sphcudathesismasteriv\sphcudathesismasterii\debug\sphcudat.61a6285e.tlog\cl.command.1.tlog
e:\dropbox\my thesis\do your code\sphcudathesismasteriv\sphcudathesismasterii\debug\sphcudat.61a6285e.tlog\cl.read.1.tlog
e:\dropbox\my thesis\do your code\sphcudathesismasteriv\sphcudathesismasterii\debug\sphcudat.61a6285e.tlog\cl.write.1.tlog
e:\dropbox\my thesis\do your code\sphcudathesismasteriv\sphcudathesismasterii\debug\sphcudat.61a6285e.tlog\link.command.1.tlog
e:\dropbox\my thesis\do your code\sphcudathesismasteriv\sphcudathesismasterii\debug\sphcudat.61a6285e.tlog\link.read.1.tlog
e:\dropbox\my thesis\do your code\sphcudathesismasteriv\sphcudathesismasterii\debug\sphcudat.61a6285e.tlog\link.write.1.tlog
e:\dropbox\my thesis\do your code\sphcudathesismasteriv\sphcudathesismasterii\debug\sphcudat.61a6285e.tlog\sphcudathesismasterii.write.1u.tlog
