e:\dropbox\my thesis\do your code\sphcudathesismasteriv\sphcudathesismasterii\release\vc120.pdb
e:\dropbox\my thesis\do your code\sphcudathesismasteriv\sphcudathesismasterii\release\sphclass.obj
e:\dropbox\my thesis\do your code\sphcudathesismasteriv\sphcudathesismasterii\release\csvmanager.obj
e:\dropbox\my thesis\do your code\sphcudathesismasteriv\release\sphcudathesismasterii.exe
e:\dropbox\my thesis\do your code\sphcudathesismasteriv\release\sphcudathesismasterii.pdb
e:\dropbox\my thesis\do your code\sphcudathesismasteriv\release\sphcudathesismasterii.lib
e:\dropbox\my thesis\do your code\sphcudathesismasteriv\release\sphcudathesismasterii.exp
e:\dropbox\my thesis\do your code\sphcudathesismasteriv\sphcudathesismasterii\release\custommath.cu.cache
e:\dropbox\my thesis\do your code\sphcudathesismasteriv\sphcudathesismasterii\release\float3.cu.cache
e:\dropbox\my thesis\do your code\sphcudathesismasteriv\sphcudathesismasterii\release\int3.cu.cache
e:\dropbox\my thesis\do your code\sphcudathesismasteriv\sphcudathesismasterii\release\kerneloption.cu.cache
e:\dropbox\my thesis\do your code\sphcudathesismasteriv\sphcudathesismasterii\release\scene.cu.cache
e:\dropbox\my thesis\do your code\sphcudathesismasteriv\sphcudathesismasterii\release\shader.cu.cache
e:\dropbox\my thesis\do your code\sphcudathesismasteriv\sphcudathesismasterii\release\simulatormain.cu.cache
e:\dropbox\my thesis\do your code\sphcudathesismasteriv\sphcudathesismasterii\release\simulatorsph.cpp.cache
e:\dropbox\my thesis\do your code\sphcudathesismasteriv\sphcudathesismasterii\release\sphcompute.cu.cache
e:\dropbox\my thesis\do your code\sphcudathesismasteriv\sphcudathesismasterii\release\sphparam.cu.cache
e:\dropbox\my thesis\do your code\sphcudathesismasteriv\sphcudathesismasterii\release\ssfrparam.cu.cache
e:\dropbox\my thesis\do your code\sphcudathesismasteriv\sphcudathesismasterii\release\wall.cu.cache
e:\dropbox\my thesis\do your code\sphcudathesismasteriv\sphcudathesismasterii\release\custommath.cu.obj
e:\dropbox\my thesis\do your code\sphcudathesismasteriv\sphcudathesismasterii\release\float3.cu.obj
e:\dropbox\my thesis\do your code\sphcudathesismasteriv\sphcudathesismasterii\release\int3.cu.obj
e:\dropbox\my thesis\do your code\sphcudathesismasteriv\sphcudathesismasterii\release\kerneloption.cu.obj
e:\dropbox\my thesis\do your code\sphcudathesismasteriv\sphcudathesismasterii\release\scene.cu.obj
e:\dropbox\my thesis\do your code\sphcudathesismasteriv\sphcudathesismasterii\release\shader.cu.obj
e:\dropbox\my thesis\do your code\sphcudathesismasteriv\sphcudathesismasterii\release\simulatormain.cu.obj
e:\dropbox\my thesis\do your code\sphcudathesismasteriv\sphcudathesismasterii\release\simulatorsph.cpp.obj
e:\dropbox\my thesis\do your code\sphcudathesismasteriv\sphcudathesismasterii\release\sphcompute.cu.obj
e:\dropbox\my thesis\do your code\sphcudathesismasteriv\sphcudathesismasterii\release\sphcudathesismasterii.device-link.obj
e:\dropbox\my thesis\do your code\sphcudathesismasteriv\sphcudathesismasterii\release\sphparam.cu.obj
e:\dropbox\my thesis\do your code\sphcudathesismasteriv\sphcudathesismasterii\release\ssfrparam.cu.obj
e:\dropbox\my thesis\do your code\sphcudathesismasteriv\sphcudathesismasterii\release\wall.cu.obj
e:\dropbox\my thesis\do your code\sphcudathesismasteriv\sphcudathesismasterii\release\sphcudat.61a6285e.tlog\cl.command.1.tlog
e:\dropbox\my thesis\do your code\sphcudathesismasteriv\sphcudathesismasterii\release\sphcudat.61a6285e.tlog\cl.read.1.tlog
e:\dropbox\my thesis\do your code\sphcudathesismasteriv\sphcudathesismasterii\release\sphcudat.61a6285e.tlog\cl.write.1.tlog
e:\dropbox\my thesis\do your code\sphcudathesismasteriv\sphcudathesismasterii\release\sphcudat.61a6285e.tlog\link.command.1.tlog
e:\dropbox\my thesis\do your code\sphcudathesismasteriv\sphcudathesismasterii\release\sphcudat.61a6285e.tlog\link.read.1.tlog
e:\dropbox\my thesis\do your code\sphcudathesismasteriv\sphcudathesismasterii\release\sphcudat.61a6285e.tlog\link.write.1.tlog
e:\dropbox\my thesis\do your code\sphcudathesismasteriv\sphcudathesismasterii\release\sphcudat.61a6285e.tlog\sphcudathesismasterii.write.1u.tlog
